<?xml version="1.0" encoding="UTF-8"?>
<!-- Generated by org.testng.reporters.JUnitReportReporter -->
<testsuite hostname="PC244194" name="testCases.TC003_Create_Google_Account" tests="1" failures="0" timestamp="7 Oct 2015 07:50:09 GMT" time="21.148" errors="0">
  <testcase name="validateErrorMessage" time="21.148" classname="testCases.TC003_Create_Google_Account"/>
</testsuite> <!-- testCases.TC003_Create_Google_Account -->
