<?xml version="1.0" encoding="UTF-8"?>
<!-- Generated by org.testng.reporters.JUnitReportReporter -->
<testsuite hostname="PC244194" name="testCases.TC001_Validate_User_Name_Error" tests="1" failures="0" timestamp="7 Oct 2015 14:10:12 GMT" time="27.629" errors="0">
  <testcase name="validateErrorMessage" time="27.629" classname="testCases.TC001_Validate_User_Name_Error"/>
</testsuite> <!-- testCases.TC001_Validate_User_Name_Error -->
